Copyright 1986-2021 Xilinx, Inc. All Rights Reserved.
-------------------------------------------------------------------------------------------------------------------------------------------------
| Tool Version     : Vivado v.2021.2 (lin64) Build 3367213 Tue Oct 19 02:47:39 MDT 2021
| Date             : Wed Jan  5 18:19:34 2022
| Host             : niklasPC running 64-bit Manjaro Linux
| Command          : report_power -file board_top_power_routed.rpt -pb board_top_power_summary_routed.pb -rpx board_top_power_routed.rpx
| Design           : board_top
| Device           : xc7a100tcsg324-1
| Design State     : routed
| Grade            : commercial
| Process          : typical
| Characterization : Production
-------------------------------------------------------------------------------------------------------------------------------------------------

Power Report

Table of Contents
-----------------
1. Summary
1.1 On-Chip Components
1.2 Power Supply Summary
1.3 Confidence Level
2. Settings
2.1 Environment
2.2 Clock Constraints
3. Detailed Reports
3.1 By Hierarchy

1. Summary
----------

+--------------------------+--------------+
| Total On-Chip Power (W)  | 0.204        |
| Design Power Budget (W)  | Unspecified* |
| Power Budget Margin (W)  | NA           |
| Dynamic (W)              | 0.102        |
| Device Static (W)        | 0.102        |
| Effective TJA (C/W)      | 4.6          |
| Max Ambient (C)          | 84.1         |
| Junction Temperature (C) | 25.9         |
| Confidence Level         | Low          |
| Setting File             | ---          |
| Simulation Activity File | ---          |
| Design Nets Matched      | NA           |
+--------------------------+--------------+
* Specify Design Power Budget using, set_operating_conditions -design_power_budget <value in Watts>


1.1 On-Chip Components
----------------------

+-------------------------+-----------+----------+-----------+-----------------+
| On-Chip                 | Power (W) | Used     | Available | Utilization (%) |
+-------------------------+-----------+----------+-----------+-----------------+
| Clocks                  |     0.002 |        8 |       --- |             --- |
| Slice Logic             |    <0.001 |      996 |       --- |             --- |
|   LUT as Logic          |    <0.001 |      400 |     63400 |            0.63 |
|   Register              |    <0.001 |      259 |    126800 |            0.20 |
|   CARRY4                |    <0.001 |        8 |     15850 |            0.05 |
|   F7/F8 Muxes           |    <0.001 |       33 |     63400 |            0.05 |
|   LUT as Shift Register |    <0.001 |        2 |     19000 |            0.01 |
|   Others                |     0.000 |      191 |       --- |             --- |
| Signals                 |    <0.001 |     1033 |       --- |             --- |
| Block RAM               |     0.004 |      109 |       135 |           80.74 |
| MMCM                    |     0.094 |        1 |         6 |           16.67 |
| I/O                     |    <0.001 |       48 |       210 |           22.86 |
| Static Power            |     0.102 |          |           |                 |
| Total                   |     0.204 |          |           |                 |
+-------------------------+-----------+----------+-----------+-----------------+


1.2 Power Supply Summary
------------------------

+-----------+-------------+-----------+-------------+------------+-------------+-------------+------------+
| Source    | Voltage (V) | Total (A) | Dynamic (A) | Static (A) | Powerup (A) | Budget (A)  | Margin (A) |
+-----------+-------------+-----------+-------------+------------+-------------+-------------+------------+
| Vccint    |       1.000 |     0.025 |       0.007 |      0.018 |       NA    | Unspecified | NA         |
| Vccaux    |       1.800 |     0.070 |       0.052 |      0.018 |       NA    | Unspecified | NA         |
| Vcco33    |       3.300 |     0.004 |       0.000 |      0.004 |       NA    | Unspecified | NA         |
| Vcco25    |       2.500 |     0.000 |       0.000 |      0.000 |       NA    | Unspecified | NA         |
| Vcco18    |       1.800 |     0.000 |       0.000 |      0.000 |       NA    | Unspecified | NA         |
| Vcco15    |       1.500 |     0.000 |       0.000 |      0.000 |       NA    | Unspecified | NA         |
| Vcco135   |       1.350 |     0.000 |       0.000 |      0.000 |       NA    | Unspecified | NA         |
| Vcco12    |       1.200 |     0.000 |       0.000 |      0.000 |       NA    | Unspecified | NA         |
| Vccaux_io |       1.800 |     0.000 |       0.000 |      0.000 |       NA    | Unspecified | NA         |
| Vccbram   |       1.000 |     0.003 |       0.000 |      0.003 |       NA    | Unspecified | NA         |
| MGTAVcc   |       1.000 |     0.000 |       0.000 |      0.000 |       NA    | Unspecified | NA         |
| MGTAVtt   |       1.200 |     0.000 |       0.000 |      0.000 |       NA    | Unspecified | NA         |
| Vccadc    |       1.800 |     0.020 |       0.000 |      0.020 |       NA    | Unspecified | NA         |
+-----------+-------------+-----------+-------------+------------+-------------+-------------+------------+


1.3 Confidence Level
--------------------

+-----------------------------+------------+--------------------------------------------------------+------------------------------------------------------------------------------------------------------------+
| User Input Data             | Confidence | Details                                                | Action                                                                                                     |
+-----------------------------+------------+--------------------------------------------------------+------------------------------------------------------------------------------------------------------------+
| Design implementation state | High       | Design is routed                                       |                                                                                                            |
| Clock nodes activity        | High       | User specified more than 95% of clocks                 |                                                                                                            |
| I/O nodes activity          | Low        | More than 75% of inputs are missing user specification | Provide missing input activity with simulation results or by editing the "By Resource Type -> I/Os" view   |
| Internal nodes activity     | Medium     | User specified less than 25% of internal nodes         | Provide missing internal nodes activity with simulation results or by editing the "By Resource Type" views |
| Device models               | High       | Device models are Production                           |                                                                                                            |
|                             |            |                                                        |                                                                                                            |
| Overall confidence level    | Low        |                                                        |                                                                                                            |
+-----------------------------+------------+--------------------------------------------------------+------------------------------------------------------------------------------------------------------------+


2. Settings
-----------

2.1 Environment
---------------

+-----------------------+--------------------------+
| Ambient Temp (C)      | 25.0                     |
| ThetaJA (C/W)         | 4.6                      |
| Airflow (LFM)         | 250                      |
| Heat Sink             | medium (Medium Profile)  |
| ThetaSA (C/W)         | 4.6                      |
| Board Selection       | medium (10"x10")         |
| # of Board Layers     | 12to15 (12 to 15 Layers) |
| Board Temperature (C) | 25.0                     |
+-----------------------+--------------------------+


2.2 Clock Constraints
---------------------

+------------------------+------------------------------------------+-----------------+
| Clock                  | Domain                                   | Constraint (ns) |
+------------------------+------------------------------------------+-----------------+
| clk5_clk_wiz_5Mhz      | inst_clk5Mhz/inst/clk5_clk_wiz_5Mhz      |           200.0 |
| clkEEPROM_clk_wiz_5Mhz | inst_clk5Mhz/inst/clkEEPROM_clk_wiz_5Mhz |           200.0 |
| clkRamN_clk_wiz_5Mhz   | inst_clk5Mhz/inst/clkRamN_clk_wiz_5Mhz   |           200.0 |
| clkfbout_clk_wiz_5Mhz  | inst_clk5Mhz/inst/clkfbout_clk_wiz_5Mhz  |            50.0 |
| i_clk100               | i_clk100                                 |            10.0 |
| i_clk100               | i_clk100_IBUF_BUFG                       |            10.0 |
+------------------------+------------------------------------------+-----------------+


3. Detailed Reports
-------------------

3.1 By Hierarchy
----------------

+------------------+-----------+
| Name             | Power (W) |
+------------------+-----------+
| board_top        |     0.102 |
|   inst_clk5Mhz   |     0.094 |
|     inst         |     0.094 |
|   inst_generated |     0.005 |
|     inst_U100    |     0.001 |
|       inst_mem   |     0.001 |
|     inst_U77     |     0.001 |
|       inst_mem   |     0.001 |
|   uart           |     0.002 |
|     inst_rx      |     0.001 |
+------------------+-----------+


