1654613018.066105 client started (109882): version 3.2a, socket /tmp/tmux-1000/default, protocol 8
1654613018.066131 on Linux 5.10.117-1-MANJARO #1 SMP PREEMPT Wed May 18 09:22:50 UTC 2022
1654613018.066137 using libevent 2.1.12-stable (poll); ncurses 6.2
1654613018.066151 flags are 0x10010000
1654613018.066155 socket is /tmp/tmux-1000/default
1654613018.066165 trying connect
1654613018.066214 add peer 0x55f8152d5f30: 6 ((nil))
1654613018.066442 sending message 100 to peer 0x55f8152d5f30 (4 bytes)
1654613018.066450 sending message 111 to peer 0x55f8152d5f30 (8 bytes)
1654613018.066455 sending message 101 to peer 0x55f8152d5f30 (12 bytes)
1654613018.066459 sending message 109 to peer 0x55f8152d5f30 (4 bytes)
1654613018.066464 sending message 102 to peer 0x55f8152d5f30 (11 bytes)
1654613018.066468 sending message 108 to peer 0x55f8152d5f30 (29 bytes)
1654613018.066472 sending message 112 to peer 0x55f8152d5f30 (70 bytes)
1654613018.066477 sending message 112 to peer 0x55f8152d5f30 (5 bytes)
1654613018.066481 sending message 112 to peer 0x55f8152d5f30 (6 bytes)
1654613018.066485 sending message 112 to peer 0x55f8152d5f30 (6 bytes)
1654613018.066489 sending message 112 to peer 0x55f8152d5f30 (11 bytes)
1654613018.066493 sending message 112 to peer 0x55f8152d5f30 (10 bytes)
1654613018.066497 sending message 112 to peer 0x55f8152d5f30 (13 bytes)
1654613018.066502 sending message 112 to peer 0x55f8152d5f30 (14 bytes)
1654613018.066506 sending message 112 to peer 0x55f8152d5f30 (13 bytes)
1654613018.066510 sending message 112 to peer 0x55f8152d5f30 (11 bytes)
1654613018.066514 sending message 112 to peer 0x55f8152d5f30 (21 bytes)
1654613018.066518 sending message 112 to peer 0x55f8152d5f30 (13 bytes)
1654613018.066523 sending message 112 to peer 0x55f8152d5f30 (7 bytes)
1654613018.066527 sending message 112 to peer 0x55f8152d5f30 (13 bytes)
1654613018.066531 sending message 112 to peer 0x55f8152d5f30 (7 bytes)
1654613018.066535 sending message 112 to peer 0x55f8152d5f30 (13 bytes)
1654613018.066539 sending message 112 to peer 0x55f8152d5f30 (9 bytes)
1654613018.066543 sending message 112 to peer 0x55f8152d5f30 (21 bytes)
1654613018.066547 sending message 112 to peer 0x55f8152d5f30 (13 bytes)
1654613018.066552 sending message 112 to peer 0x55f8152d5f30 (9 bytes)
1654613018.066556 sending message 112 to peer 0x55f8152d5f30 (13 bytes)
1654613018.066560 sending message 112 to peer 0x55f8152d5f30 (9 bytes)
1654613018.066564 sending message 112 to peer 0x55f8152d5f30 (9 bytes)
1654613018.066568 sending message 112 to peer 0x55f8152d5f30 (12 bytes)
1654613018.066572 sending message 112 to peer 0x55f8152d5f30 (8 bytes)
1654613018.066576 sending message 112 to peer 0x55f8152d5f30 (13 bytes)
1654613018.066580 sending message 112 to peer 0x55f8152d5f30 (7 bytes)
1654613018.066584 sending message 112 to peer 0x55f8152d5f30 (7 bytes)
1654613018.066588 sending message 112 to peer 0x55f8152d5f30 (9 bytes)
1654613018.066593 sending message 112 to peer 0x55f8152d5f30 (10 bytes)
1654613018.066597 sending message 112 to peer 0x55f8152d5f30 (6 bytes)
1654613018.066601 sending message 112 to peer 0x55f8152d5f30 (9 bytes)
1654613018.066605 sending message 112 to peer 0x55f8152d5f30 (15 bytes)
1654613018.066609 sending message 112 to peer 0x55f8152d5f30 (13 bytes)
1654613018.066614 sending message 112 to peer 0x55f8152d5f30 (12 bytes)
1654613018.066618 sending message 112 to peer 0x55f8152d5f30 (8 bytes)
1654613018.066622 sending message 112 to peer 0x55f8152d5f30 (14 bytes)
1654613018.066626 sending message 112 to peer 0x55f8152d5f30 (11 bytes)
1654613018.066630 sending message 112 to peer 0x55f8152d5f30 (10 bytes)
1654613018.066634 sending message 112 to peer 0x55f8152d5f30 (10 bytes)
1654613018.066638 sending message 112 to peer 0x55f8152d5f30 (10 bytes)
1654613018.066642 sending message 112 to peer 0x55f8152d5f30 (10 bytes)
1654613018.066646 sending message 112 to peer 0x55f8152d5f30 (11 bytes)
1654613018.066650 sending message 112 to peer 0x55f8152d5f30 (11 bytes)
1654613018.066654 sending message 112 to peer 0x55f8152d5f30 (12 bytes)
1654613018.066658 sending message 112 to peer 0x55f8152d5f30 (12 bytes)
1654613018.066668 sending message 112 to peer 0x55f8152d5f30 (10 bytes)
1654613018.066673 sending message 112 to peer 0x55f8152d5f30 (12 bytes)
1654613018.066677 sending message 112 to peer 0x55f8152d5f30 (8 bytes)
1654613018.066681 sending message 112 to peer 0x55f8152d5f30 (11 bytes)
1654613018.066685 sending message 112 to peer 0x55f8152d5f30 (11 bytes)
1654613018.066689 sending message 112 to peer 0x55f8152d5f30 (11 bytes)
1654613018.066693 sending message 112 to peer 0x55f8152d5f30 (12 bytes)
1654613018.066697 sending message 112 to peer 0x55f8152d5f30 (12 bytes)
1654613018.066702 sending message 112 to peer 0x55f8152d5f30 (12 bytes)
1654613018.066706 sending message 112 to peer 0x55f8152d5f30 (12 bytes)
1654613018.066711 sending message 112 to peer 0x55f8152d5f30 (13 bytes)
1654613018.066715 sending message 112 to peer 0x55f8152d5f30 (13 bytes)
1654613018.066719 sending message 112 to peer 0x55f8152d5f30 (13 bytes)
1654613018.066723 sending message 112 to peer 0x55f8152d5f30 (8 bytes)
1654613018.066727 sending message 112 to peer 0x55f8152d5f30 (13 bytes)
1654613018.066731 sending message 112 to peer 0x55f8152d5f30 (13 bytes)
1654613018.066735 sending message 112 to peer 0x55f8152d5f30 (13 bytes)
1654613018.066739 sending message 112 to peer 0x55f8152d5f30 (13 bytes)
1654613018.066743 sending message 112 to peer 0x55f8152d5f30 (13 bytes)
1654613018.066747 sending message 112 to peer 0x55f8152d5f30 (12 bytes)
1654613018.066752 sending message 112 to peer 0x55f8152d5f30 (12 bytes)
1654613018.066756 sending message 112 to peer 0x55f8152d5f30 (12 bytes)
1654613018.066760 sending message 112 to peer 0x55f8152d5f30 (12 bytes)
1654613018.066764 sending message 112 to peer 0x55f8152d5f30 (13 bytes)
1654613018.066768 sending message 112 to peer 0x55f8152d5f30 (8 bytes)
1654613018.066772 sending message 112 to peer 0x55f8152d5f30 (13 bytes)
1654613018.066776 sending message 112 to peer 0x55f8152d5f30 (13 bytes)
1654613018.066780 sending message 112 to peer 0x55f8152d5f30 (13 bytes)
1654613018.066784 sending message 112 to peer 0x55f8152d5f30 (13 bytes)
1654613018.066788 sending message 112 to peer 0x55f8152d5f30 (13 bytes)
1654613018.066792 sending message 112 to peer 0x55f8152d5f30 (13 bytes)
1654613018.066796 sending message 112 to peer 0x55f8152d5f30 (13 bytes)
1654613018.066800 sending message 112 to peer 0x55f8152d5f30 (12 bytes)
1654613018.066804 sending message 112 to peer 0x55f8152d5f30 (12 bytes)
1654613018.066808 sending message 112 to peer 0x55f8152d5f30 (12 bytes)
1654613018.066812 sending message 112 to peer 0x55f8152d5f30 (8 bytes)
1654613018.066816 sending message 112 to peer 0x55f8152d5f30 (12 bytes)
1654613018.066821 sending message 112 to peer 0x55f8152d5f30 (13 bytes)
1654613018.066825 sending message 112 to peer 0x55f8152d5f30 (13 bytes)
1654613018.066829 sending message 112 to peer 0x55f8152d5f30 (13 bytes)
1654613018.066833 sending message 112 to peer 0x55f8152d5f30 (13 bytes)
1654613018.066837 sending message 112 to peer 0x55f8152d5f30 (13 bytes)
1654613018.066841 sending message 112 to peer 0x55f8152d5f30 (13 bytes)
1654613018.066845 sending message 112 to peer 0x55f8152d5f30 (13 bytes)
1654613018.066849 sending message 112 to peer 0x55f8152d5f30 (13 bytes)
1654613018.066853 sending message 112 to peer 0x55f8152d5f30 (12 bytes)
1654613018.066857 sending message 112 to peer 0x55f8152d5f30 (10 bytes)
1654613018.066861 sending message 112 to peer 0x55f8152d5f30 (12 bytes)
1654613018.066865 sending message 112 to peer 0x55f8152d5f30 (12 bytes)
1654613018.066869 sending message 112 to peer 0x55f8152d5f30 (12 bytes)
1654613018.066873 sending message 112 to peer 0x55f8152d5f30 (13 bytes)
1654613018.066878 sending message 112 to peer 0x55f8152d5f30 (13 bytes)
1654613018.066882 sending message 112 to peer 0x55f8152d5f30 (13 bytes)
1654613018.066886 sending message 112 to peer 0x55f8152d5f30 (13 bytes)
1654613018.066890 sending message 112 to peer 0x55f8152d5f30 (13 bytes)
1654613018.066894 sending message 112 to peer 0x55f8152d5f30 (13 bytes)
1654613018.066898 sending message 112 to peer 0x55f8152d5f30 (13 bytes)
1654613018.066905 sending message 112 to peer 0x55f8152d5f30 (10 bytes)
1654613018.066909 sending message 112 to peer 0x55f8152d5f30 (13 bytes)
1654613018.066914 sending message 112 to peer 0x55f8152d5f30 (12 bytes)
1654613018.066918 sending message 112 to peer 0x55f8152d5f30 (12 bytes)
1654613018.066922 sending message 112 to peer 0x55f8152d5f30 (12 bytes)
1654613018.066926 sending message 112 to peer 0x55f8152d5f30 (10 bytes)
1654613018.066930 sending message 112 to peer 0x55f8152d5f30 (10 bytes)
1654613018.066934 sending message 112 to peer 0x55f8152d5f30 (10 bytes)
1654613018.066938 sending message 112 to peer 0x55f8152d5f30 (12 bytes)
1654613018.066942 sending message 112 to peer 0x55f8152d5f30 (11 bytes)
1654613018.066947 sending message 112 to peer 0x55f8152d5f30 (11 bytes)
1654613018.066951 sending message 112 to peer 0x55f8152d5f30 (11 bytes)
1654613018.066955 sending message 112 to peer 0x55f8152d5f30 (12 bytes)
1654613018.066959 sending message 112 to peer 0x55f8152d5f30 (12 bytes)
1654613018.066963 sending message 112 to peer 0x55f8152d5f30 (13 bytes)
1654613018.066967 sending message 112 to peer 0x55f8152d5f30 (13 bytes)
1654613018.066971 sending message 112 to peer 0x55f8152d5f30 (10 bytes)
1654613018.066975 sending message 112 to peer 0x55f8152d5f30 (9 bytes)
1654613018.066979 sending message 112 to peer 0x55f8152d5f30 (12 bytes)
1654613018.066983 sending message 112 to peer 0x55f8152d5f30 (13 bytes)
1654613018.066987 sending message 112 to peer 0x55f8152d5f30 (13 bytes)
1654613018.066991 sending message 112 to peer 0x55f8152d5f30 (9 bytes)
1654613018.066995 sending message 112 to peer 0x55f8152d5f30 (12 bytes)
1654613018.066999 sending message 112 to peer 0x55f8152d5f30 (13 bytes)
1654613018.067003 sending message 112 to peer 0x55f8152d5f30 (13 bytes)
1654613018.067007 sending message 112 to peer 0x55f8152d5f30 (11 bytes)
1654613018.067011 sending message 112 to peer 0x55f8152d5f30 (12 bytes)
1654613018.067015 sending message 112 to peer 0x55f8152d5f30 (13 bytes)
1654613018.067019 sending message 112 to peer 0x55f8152d5f30 (13 bytes)
1654613018.067023 sending message 112 to peer 0x55f8152d5f30 (12 bytes)
1654613018.067027 sending message 112 to peer 0x55f8152d5f30 (12 bytes)
1654613018.067031 sending message 112 to peer 0x55f8152d5f30 (21 bytes)
1654613018.067035 sending message 112 to peer 0x55f8152d5f30 (12 bytes)
1654613018.067039 sending message 112 to peer 0x55f8152d5f30 (9 bytes)
1654613018.067043 sending message 112 to peer 0x55f8152d5f30 (6 bytes)
1654613018.067047 sending message 112 to peer 0x55f8152d5f30 (13 bytes)
1654613018.067051 sending message 112 to peer 0x55f8152d5f30 (10 bytes)
1654613018.067055 sending message 112 to peer 0x55f8152d5f30 (15 bytes)
1654613018.067059 sending message 112 to peer 0x55f8152d5f30 (13 bytes)
1654613018.067064 sending message 112 to peer 0x55f8152d5f30 (9 bytes)
1654613018.067068 sending message 112 to peer 0x55f8152d5f30 (70 bytes)
1654613018.067072 sending message 112 to peer 0x55f8152d5f30 (69 bytes)
1654613018.067076 sending message 112 to peer 0x55f8152d5f30 (10 bytes)
1654613018.067080 sending message 112 to peer 0x55f8152d5f30 (10 bytes)
1654613018.067084 sending message 112 to peer 0x55f8152d5f30 (10 bytes)
1654613018.067088 sending message 112 to peer 0x55f8152d5f30 (15 bytes)
1654613018.067092 sending message 112 to peer 0x55f8152d5f30 (13 bytes)
1654613018.067096 sending message 112 to peer 0x55f8152d5f30 (10 bytes)
1654613018.067100 sending message 112 to peer 0x55f8152d5f30 (10 bytes)
1654613018.067104 sending message 112 to peer 0x55f8152d5f30 (10 bytes)
1654613018.067108 sending message 112 to peer 0x55f8152d5f30 (13 bytes)
1654613018.067112 sending message 112 to peer 0x55f8152d5f30 (9 bytes)
1654613018.067130 sending message 112 to peer 0x55f8152d5f30 (15 bytes)
1654613018.067136 sending message 112 to peer 0x55f8152d5f30 (5 bytes)
1654613018.067141 sending message 104 to peer 0x55f8152d5f30 (0 bytes)
1654613018.067146 sending message 110 to peer 0x55f8152d5f30 (0 bytes)
1654613018.067150 sending message 107 to peer 0x55f8152d5f30 (4 bytes)
1654613018.067158 sending message 105 to peer 0x55f8152d5f30 (13 bytes)
1654613018.067162 sending message 105 to peer 0x55f8152d5f30 (70 bytes)
1654613018.067166 sending message 105 to peer 0x55f8152d5f30 (23 bytes)
1654613018.067170 sending message 105 to peer 0x55f8152d5f30 (64 bytes)
1654613018.067175 sending message 105 to peer 0x55f8152d5f30 (16 bytes)
1654613018.067179 sending message 105 to peer 0x55f8152d5f30 (68 bytes)
1654613018.067183 sending message 105 to peer 0x55f8152d5f30 (84 bytes)
1654613018.067187 sending message 105 to peer 0x55f8152d5f30 (54 bytes)
1654613018.067191 sending message 105 to peer 0x55f8152d5f30 (64 bytes)
1654613018.067195 sending message 105 to peer 0x55f8152d5f30 (57 bytes)
1654613018.067199 sending message 105 to peer 0x55f8152d5f30 (64 bytes)
1654613018.067203 sending message 105 to peer 0x55f8152d5f30 (62 bytes)
1654613018.067207 sending message 105 to peer 0x55f8152d5f30 (66 bytes)
1654613018.067211 sending message 105 to peer 0x55f8152d5f30 (70 bytes)
1654613018.067215 sending message 105 to peer 0x55f8152d5f30 (62 bytes)
1654613018.067219 sending message 105 to peer 0x55f8152d5f30 (54 bytes)
1654613018.067223 sending message 105 to peer 0x55f8152d5f30 (62 bytes)
1654613018.067227 sending message 105 to peer 0x55f8152d5f30 (57 bytes)
1654613018.067231 sending message 105 to peer 0x55f8152d5f30 (69 bytes)
1654613018.067235 sending message 105 to peer 0x55f8152d5f30 (54 bytes)
1654613018.067239 sending message 105 to peer 0x55f8152d5f30 (22 bytes)
1654613018.067243 sending message 105 to peer 0x55f8152d5f30 (11 bytes)
1654613018.067248 sending message 105 to peer 0x55f8152d5f30 (71 bytes)
1654613018.067252 sending message 105 to peer 0x55f8152d5f30 (56 bytes)
1654613018.067256 sending message 105 to peer 0x55f8152d5f30 (17 bytes)
1654613018.067260 sending message 105 to peer 0x55f8152d5f30 (20 bytes)
1654613018.067264 sending message 105 to peer 0x55f8152d5f30 (35 bytes)
1654613018.067268 sending message 105 to peer 0x55f8152d5f30 (30 bytes)
1654613018.067272 sending message 105 to peer 0x55f8152d5f30 (51 bytes)
1654613018.067276 sending message 105 to peer 0x55f8152d5f30 (15 bytes)
1654613018.067280 sending message 105 to peer 0x55f8152d5f30 (18 bytes)
1654613018.067284 sending message 105 to peer 0x55f8152d5f30 (16 bytes)
1654613018.067288 sending message 105 to peer 0x55f8152d5f30 (23 bytes)
1654613018.067292 sending message 105 to peer 0x55f8152d5f30 (30 bytes)
1654613018.067297 sending message 105 to peer 0x55f8152d5f30 (27 bytes)
1654613018.067301 sending message 105 to peer 0x55f8152d5f30 (24 bytes)
1654613018.067305 sending message 105 to peer 0x55f8152d5f30 (20 bytes)
1654613018.067309 sending message 105 to peer 0x55f8152d5f30 (23 bytes)
1654613018.067313 sending message 105 to peer 0x55f8152d5f30 (21 bytes)
1654613018.067317 sending message 105 to peer 0x55f8152d5f30 (25 bytes)
1654613018.067321 sending message 105 to peer 0x55f8152d5f30 (20 bytes)
1654613018.067325 sending message 105 to peer 0x55f8152d5f30 (29 bytes)
1654613018.067329 sending message 105 to peer 0x55f8152d5f30 (24 bytes)
1654613018.067333 sending message 105 to peer 0x55f8152d5f30 (24 bytes)
1654613018.067337 sending message 105 to peer 0x55f8152d5f30 (21 bytes)
1654613018.067341 sending message 105 to peer 0x55f8152d5f30 (21 bytes)
1654613018.067345 sending message 105 to peer 0x55f8152d5f30 (25 bytes)
1654613018.067349 sending message 105 to peer 0x55f8152d5f30 (21 bytes)
1654613018.067353 sending message 105 to peer 0x55f8152d5f30 (26 bytes)
1654613018.067357 sending message 105 to peer 0x55f8152d5f30 (15 bytes)
1654613018.067361 sending message 105 to peer 0x55f8152d5f30 (28 bytes)
1654613018.067365 sending message 105 to peer 0x55f8152d5f30 (13 bytes)
1654613018.067369 sending message 105 to peer 0x55f8152d5f30 (15 bytes)
1654613018.067374 sending message 105 to peer 0x55f8152d5f30 (41 bytes)
1654613018.067378 sending message 105 to peer 0x55f8152d5f30 (20 bytes)
1654613018.067382 sending message 105 to peer 0x55f8152d5f30 (447 bytes)
1654613018.067386 sending message 105 to peer 0x55f8152d5f30 (33 bytes)
1654613018.067393 sending message 105 to peer 0x55f8152d5f30 (26 bytes)
1654613018.067397 sending message 105 to peer 0x55f8152d5f30 (19 bytes)
1654613018.067401 sending message 105 to peer 0x55f8152d5f30 (8 bytes)
1654613018.067405 sending message 105 to peer 0x55f8152d5f30 (17 bytes)
1654613018.067409 sending message 105 to peer 0x55f8152d5f30 (27 bytes)
1654613018.067413 sending message 105 to peer 0x55f8152d5f30 (18 bytes)
1654613018.067417 sending message 105 to peer 0x55f8152d5f30 (26 bytes)
1654613018.067421 sending message 105 to peer 0x55f8152d5f30 (35 bytes)
1654613018.067426 sending message 105 to peer 0x55f8152d5f30 (13 bytes)
1654613018.067430 sending message 105 to peer 0x55f8152d5f30 (19 bytes)
1654613018.067434 sending message 105 to peer 0x55f8152d5f30 (12 bytes)
1654613018.067438 sending message 105 to peer 0x55f8152d5f30 (18 bytes)
1654613018.067442 sending message 105 to peer 0x55f8152d5f30 (36 bytes)
1654613018.067446 sending message 105 to peer 0x55f8152d5f30 (183 bytes)
1654613018.067450 sending message 105 to peer 0x55f8152d5f30 (50 bytes)
1654613018.067454 sending message 105 to peer 0x55f8152d5f30 (31 bytes)
1654613018.067459 sending message 105 to peer 0x55f8152d5f30 (15 bytes)
1654613018.067463 sending message 105 to peer 0x55f8152d5f30 (52 bytes)
1654613018.067467 sending message 105 to peer 0x55f8152d5f30 (23 bytes)
1654613018.067471 sending message 105 to peer 0x55f8152d5f30 (26 bytes)
1654613018.067475 sending message 105 to peer 0x55f8152d5f30 (17 bytes)
1654613018.067479 sending message 105 to peer 0x55f8152d5f30 (58 bytes)
1654613018.067483 sending message 105 to peer 0x55f8152d5f30 (21 bytes)
1654613018.067488 sending message 105 to peer 0x55f8152d5f30 (11 bytes)
1654613018.067492 sending message 105 to peer 0x55f8152d5f30 (16 bytes)
1654613018.067496 sending message 105 to peer 0x55f8152d5f30 (30 bytes)
1654613018.067500 sending message 105 to peer 0x55f8152d5f30 (12 bytes)
1654613018.067504 sending message 105 to peer 0x55f8152d5f30 (28 bytes)
1654613018.067508 sending message 105 to peer 0x55f8152d5f30 (11 bytes)
1654613018.067512 sending message 105 to peer 0x55f8152d5f30 (32 bytes)
1654613018.067517 sending message 105 to peer 0x55f8152d5f30 (1764 bytes)
1654613018.067526 sending message 105 to peer 0x55f8152d5f30 (10 bytes)
1654613018.067530 sending message 105 to peer 0x55f8152d5f30 (12 bytes)
1654613018.067534 sending message 105 to peer 0x55f8152d5f30 (38 bytes)
1654613018.067538 sending message 105 to peer 0x55f8152d5f30 (39 bytes)
1654613018.067542 sending message 105 to peer 0x55f8152d5f30 (48 bytes)
1654613018.067547 sending message 105 to peer 0x55f8152d5f30 (44 bytes)
1654613018.067551 sending message 105 to peer 0x55f8152d5f30 (42 bytes)
1654613018.067555 sending message 106 to peer 0x55f8152d5f30 (0 bytes)
1654613018.067565 sending message 200 to peer 0x55f8152d5f30 (4 bytes)
1654613018.067569 client loop enter
1654613018.069709 peer 0x55f8152d5f30 message 303
1654613018.069718 open write file 2 -
1654613018.069727 sending message 305 to peer 0x55f8152d5f30 (8 bytes)
1654613018.069742 write check file 2
1654613018.069804 peer 0x55f8152d5f30 message 304
1654613018.069809 write 58 to file 2
1654613018.069813 peer 0x55f8152d5f30 message 203
1654613018.069818 file 2 58 bytes left
1654613018.069829 write check file 2
1654613018.069833 client loop exit
